<?xml version="1.0" encoding="UTF-8"?>
<!-- Generated by org.testng.reporters.JUnitXMLReporter -->
<testsuite hostname="L1130073236" ignored="0" name="Check_StatusCode_WordDefinations_ValidWord_Test" tests="1" failures="0" timestamp="21 Feb 2019 00:54:13 GMT" time="3.339" errors="0">
  <testcase name="validateResponseCodeandWordDefinationsforValidWord" time="3.259" classname="com.dictionary.apitest.Check_StatusCode_WordDefinations_ValidWord_Test"/>
</testsuite> <!-- Check_StatusCode_WordDefinations_ValidWord_Test -->
